<?xml version="1.0" encoding="UTF-8"?>
<!-- Generated by org.testng.reporters.JUnitXMLReporter -->
<testsuite ignored="0" hostname="LAPTOP-HA0ULEAJ" failures="0" tests="8" name="Default test" time="63.556" errors="0" timestamp="2023-11-06T22:12:10 IST">
  <testcase classname="TestScript.PacktTest" name="BrowserCall" time="2.974"/>
  <testcase classname="TestScript.PacktTest" name="extentReportFile" time="0.175"/>
  <testcase classname="TestScript.PacktTest" name="LaunchApp" time="5.776"/>
  <testcase classname="TestScript.PacktTest" name="AcceptAlert" time="0.091"/>
  <testcase classname="TestScript.PacktTest" name="VerifyPositioinColorAndText" time="2.588"/>
  <testcase classname="TestScript.PacktTest" name="VerifyBrowse" time="24.507"/>
  <testcase classname="TestScript.PacktTest" name="VerifySuggestedTitles" time="18.444"/>
  <testcase classname="TestScript.PacktTest" name="search" time="8.889"/>
</testsuite> <!-- Default test -->
