<?xml version="1.0" encoding="UTF-8"?>
<testng-results ignored="0" total="8" passed="8" failed="0" skipped="0">
  <reporter-output>
    <line>
      <![CDATA[Color Verified Successfully]]>
    </line>
  </reporter-output>
  <suite started-at="2023-11-06T22:11:06 IST" name="Default suite" finished-at="2023-11-06T22:12:10 IST" duration-ms="63556">
    <groups>
      <group name="Regression">
        <method signature="PacktTest.BrowserCall()[pri:1, instance:TestScript.PacktTest@33065d67]" name="BrowserCall" class="TestScript.PacktTest"/>
        <method signature="PacktTest.extentReportFile()[pri:2, instance:TestScript.PacktTest@33065d67]" name="extentReportFile" class="TestScript.PacktTest"/>
        <method signature="PacktTest.LaunchApp()[pri:3, instance:TestScript.PacktTest@33065d67]" name="LaunchApp" class="TestScript.PacktTest"/>
        <method signature="PacktTest.AcceptAlert()[pri:4, instance:TestScript.PacktTest@33065d67]" name="AcceptAlert" class="TestScript.PacktTest"/>
        <method signature="PacktTest.VerifyPositioinColorAndText()[pri:5, instance:TestScript.PacktTest@33065d67]" name="VerifyPositioinColorAndText" class="TestScript.PacktTest"/>
        <method signature="PacktTest.VerifyBrowse()[pri:6, instance:TestScript.PacktTest@33065d67]" name="VerifyBrowse" class="TestScript.PacktTest"/>
        <method signature="PacktTest.VerifySuggestedTitles()[pri:7, instance:TestScript.PacktTest@33065d67]" name="VerifySuggestedTitles" class="TestScript.PacktTest"/>
        <method signature="PacktTest.search()[pri:8, instance:TestScript.PacktTest@33065d67]" name="search" class="TestScript.PacktTest"/>
      </group> <!-- Regression -->
      <group name="smoke">
        <method signature="PacktTest.BrowserCall()[pri:1, instance:TestScript.PacktTest@33065d67]" name="BrowserCall" class="TestScript.PacktTest"/>
        <method signature="PacktTest.extentReportFile()[pri:2, instance:TestScript.PacktTest@33065d67]" name="extentReportFile" class="TestScript.PacktTest"/>
        <method signature="PacktTest.LaunchApp()[pri:3, instance:TestScript.PacktTest@33065d67]" name="LaunchApp" class="TestScript.PacktTest"/>
        <method signature="PacktTest.AcceptAlert()[pri:4, instance:TestScript.PacktTest@33065d67]" name="AcceptAlert" class="TestScript.PacktTest"/>
        <method signature="PacktTest.VerifyPositioinColorAndText()[pri:5, instance:TestScript.PacktTest@33065d67]" name="VerifyPositioinColorAndText" class="TestScript.PacktTest"/>
        <method signature="PacktTest.search()[pri:8, instance:TestScript.PacktTest@33065d67]" name="search" class="TestScript.PacktTest"/>
      </group> <!-- smoke -->
    </groups>
    <test started-at="2023-11-06T22:11:06 IST" name="Default test" finished-at="2023-11-06T22:12:10 IST" duration-ms="63556">
      <class name="TestScript.PacktTest">
        <test-method signature="BrowserCall()[pri:1, instance:TestScript.PacktTest@33065d67]" started-at="2023-11-06T22:11:06 IST" name="BrowserCall" finished-at="2023-11-06T22:11:09 IST" duration-ms="2974" status="PASS">
          <reporter-output>
          </reporter-output>
        </test-method> <!-- BrowserCall -->
        <test-method signature="extentReportFile()[pri:2, instance:TestScript.PacktTest@33065d67]" started-at="2023-11-06T22:11:09 IST" name="extentReportFile" finished-at="2023-11-06T22:11:09 IST" duration-ms="175" status="PASS">
          <reporter-output>
          </reporter-output>
        </test-method> <!-- extentReportFile -->
        <test-method signature="LaunchApp()[pri:3, instance:TestScript.PacktTest@33065d67]" started-at="2023-11-06T22:11:09 IST" name="LaunchApp" finished-at="2023-11-06T22:11:15 IST" duration-ms="5776" status="PASS">
          <reporter-output>
          </reporter-output>
        </test-method> <!-- LaunchApp -->
        <test-method signature="AcceptAlert()[pri:4, instance:TestScript.PacktTest@33065d67]" started-at="2023-11-06T22:11:15 IST" name="AcceptAlert" finished-at="2023-11-06T22:11:15 IST" duration-ms="91" status="PASS">
          <reporter-output>
          </reporter-output>
        </test-method> <!-- AcceptAlert -->
        <test-method signature="VerifyPositioinColorAndText()[pri:5, instance:TestScript.PacktTest@33065d67]" started-at="2023-11-06T22:11:15 IST" name="VerifyPositioinColorAndText" finished-at="2023-11-06T22:11:18 IST" duration-ms="2588" status="PASS">
          <reporter-output>
            <line>
              <![CDATA[Color Verified Successfully]]>
            </line>
          </reporter-output>
        </test-method> <!-- VerifyPositioinColorAndText -->
        <test-method signature="VerifyBrowse()[pri:6, instance:TestScript.PacktTest@33065d67]" started-at="2023-11-06T22:11:18 IST" name="VerifyBrowse" finished-at="2023-11-06T22:11:42 IST" duration-ms="24507" status="PASS">
          <reporter-output>
          </reporter-output>
        </test-method> <!-- VerifyBrowse -->
        <test-method signature="VerifySuggestedTitles()[pri:7, instance:TestScript.PacktTest@33065d67]" started-at="2023-11-06T22:11:42 IST" name="VerifySuggestedTitles" finished-at="2023-11-06T22:12:01 IST" duration-ms="18444" status="PASS">
          <reporter-output>
          </reporter-output>
        </test-method> <!-- VerifySuggestedTitles -->
        <test-method signature="search()[pri:8, instance:TestScript.PacktTest@33065d67]" started-at="2023-11-06T22:12:01 IST" name="search" finished-at="2023-11-06T22:12:10 IST" duration-ms="8889" status="PASS">
          <reporter-output>
          </reporter-output>
        </test-method> <!-- search -->
        <test-method is-config="true" signature="CloseBrowser()[pri:0, instance:TestScript.PacktTest@33065d67]" started-at="2023-11-06T22:12:10 IST" name="CloseBrowser" finished-at="2023-11-06T22:12:10 IST" duration-ms="473" status="PASS">
          <reporter-output>
          </reporter-output>
        </test-method> <!-- CloseBrowser -->
      </class> <!-- TestScript.PacktTest -->
    </test> <!-- Default test -->
  </suite> <!-- Default suite -->
</testng-results>
