<?xml version="1.0" encoding="UTF-8"?>
<testng-results ignored="0" total="8" passed="7" failed="1" skipped="0">
  <reporter-output>
    <line>
      <![CDATA[Color Verified Successfully]]>
    </line>
  </reporter-output>
  <suite started-at="2023-11-05T17:10:54 IST" name="Default suite" finished-at="2023-11-05T17:11:40 IST" duration-ms="46755">
    <groups>
      <group name="Regression">
        <method signature="PacktTest.BrowserCall()[pri:1, instance:TestScript.PacktTest@cb0755b]" name="BrowserCall" class="TestScript.PacktTest"/>
        <method signature="PacktTest.extentReportFile()[pri:2, instance:TestScript.PacktTest@cb0755b]" name="extentReportFile" class="TestScript.PacktTest"/>
        <method signature="PacktTest.LaunchApp()[pri:3, instance:TestScript.PacktTest@cb0755b]" name="LaunchApp" class="TestScript.PacktTest"/>
        <method signature="PacktTest.AcceptAlert()[pri:4, instance:TestScript.PacktTest@cb0755b]" name="AcceptAlert" class="TestScript.PacktTest"/>
        <method signature="PacktTest.VerifyPositioinColorAndText()[pri:5, instance:TestScript.PacktTest@cb0755b]" name="VerifyPositioinColorAndText" class="TestScript.PacktTest"/>
        <method signature="PacktTest.VerifyBrowse()[pri:6, instance:TestScript.PacktTest@cb0755b]" name="VerifyBrowse" class="TestScript.PacktTest"/>
        <method signature="PacktTest.VerifySuggestedTitles()[pri:7, instance:TestScript.PacktTest@cb0755b]" name="VerifySuggestedTitles" class="TestScript.PacktTest"/>
        <method signature="PacktTest.search()[pri:8, instance:TestScript.PacktTest@cb0755b]" name="search" class="TestScript.PacktTest"/>
      </group> <!-- Regression -->
      <group name="smoke">
        <method signature="PacktTest.BrowserCall()[pri:1, instance:TestScript.PacktTest@cb0755b]" name="BrowserCall" class="TestScript.PacktTest"/>
        <method signature="PacktTest.extentReportFile()[pri:2, instance:TestScript.PacktTest@cb0755b]" name="extentReportFile" class="TestScript.PacktTest"/>
        <method signature="PacktTest.LaunchApp()[pri:3, instance:TestScript.PacktTest@cb0755b]" name="LaunchApp" class="TestScript.PacktTest"/>
        <method signature="PacktTest.AcceptAlert()[pri:4, instance:TestScript.PacktTest@cb0755b]" name="AcceptAlert" class="TestScript.PacktTest"/>
        <method signature="PacktTest.VerifyPositioinColorAndText()[pri:5, instance:TestScript.PacktTest@cb0755b]" name="VerifyPositioinColorAndText" class="TestScript.PacktTest"/>
        <method signature="PacktTest.search()[pri:8, instance:TestScript.PacktTest@cb0755b]" name="search" class="TestScript.PacktTest"/>
      </group> <!-- smoke -->
    </groups>
    <test started-at="2023-11-05T17:10:54 IST" name="Default test" finished-at="2023-11-05T17:11:40 IST" duration-ms="46755">
      <class name="TestScript.PacktTest">
        <test-method signature="BrowserCall()[pri:1, instance:TestScript.PacktTest@cb0755b]" started-at="2023-11-05T17:10:54 IST" name="BrowserCall" finished-at="2023-11-05T17:10:56 IST" duration-ms="1808" status="PASS">
          <reporter-output>
          </reporter-output>
        </test-method> <!-- BrowserCall -->
        <test-method signature="extentReportFile()[pri:2, instance:TestScript.PacktTest@cb0755b]" started-at="2023-11-05T17:10:56 IST" name="extentReportFile" finished-at="2023-11-05T17:10:56 IST" duration-ms="230" status="PASS">
          <reporter-output>
          </reporter-output>
        </test-method> <!-- extentReportFile -->
        <test-method signature="LaunchApp()[pri:3, instance:TestScript.PacktTest@cb0755b]" started-at="2023-11-05T17:10:56 IST" name="LaunchApp" finished-at="2023-11-05T17:11:00 IST" duration-ms="3988" status="PASS">
          <reporter-output>
          </reporter-output>
        </test-method> <!-- LaunchApp -->
        <test-method signature="AcceptAlert()[pri:4, instance:TestScript.PacktTest@cb0755b]" started-at="2023-11-05T17:11:00 IST" name="AcceptAlert" finished-at="2023-11-05T17:11:00 IST" duration-ms="59" status="PASS">
          <reporter-output>
          </reporter-output>
        </test-method> <!-- AcceptAlert -->
        <test-method signature="VerifyPositioinColorAndText()[pri:5, instance:TestScript.PacktTest@cb0755b]" started-at="2023-11-05T17:11:00 IST" name="VerifyPositioinColorAndText" finished-at="2023-11-05T17:11:01 IST" duration-ms="1519" status="PASS">
          <reporter-output>
            <line>
              <![CDATA[Color Verified Successfully]]>
            </line>
          </reporter-output>
        </test-method> <!-- VerifyPositioinColorAndText -->
        <test-method signature="VerifyBrowse()[pri:6, instance:TestScript.PacktTest@cb0755b]" started-at="2023-11-05T17:11:01 IST" name="VerifyBrowse" finished-at="2023-11-05T17:11:22 IST" duration-ms="20502" status="PASS">
          <reporter-output>
          </reporter-output>
        </test-method> <!-- VerifyBrowse -->
        <test-method signature="VerifySuggestedTitles()[pri:7, instance:TestScript.PacktTest@cb0755b]" started-at="2023-11-05T17:11:22 IST" name="VerifySuggestedTitles" finished-at="2023-11-05T17:11:34 IST" duration-ms="11876" status="PASS">
          <reporter-output>
          </reporter-output>
        </test-method> <!-- VerifySuggestedTitles -->
        <test-method signature="search()[pri:8, instance:TestScript.PacktTest@cb0755b]" started-at="2023-11-05T17:11:34 IST" name="search" finished-at="2023-11-05T17:11:40 IST" duration-ms="6695" status="FAIL">
          <exception class="org.openqa.selenium.StaleElementReferenceException">
            <message>
              <![CDATA[stale element reference: stale element not found
  (Session info: chrome=119.0.6045.106)
For documentation on this error, please visit: https://www.selenium.dev/documentation/webdriver/troubleshooting/errors#stale-element-reference-exception
Build info: version: '4.15.0', revision: '1d14b5521b'
System info: os.name: 'Windows 10', os.arch: 'amd64', os.version: '10.0', java.version: '17.0.1'
Driver info: org.openqa.selenium.chrome.ChromeDriver
Command: [461c51397ef99582d51102fb671f8672, clickElement {id=664A42C763B7285293A76F6BE926C405_element_174}]
Capabilities {acceptInsecureCerts: false, browserName: chrome, browserVersion: 119.0.6045.106, chrome: {chromedriverVersion: 119.0.6045.105 (38c72552c5e..., userDataDir: C:\Users\SAURABH\AppData\Lo...}, fedcm:accounts: true, goog:chromeOptions: {debuggerAddress: localhost:49394}, networkConnectionEnabled: false, pageLoadStrategy: normal, platformName: windows, proxy: Proxy(), se:cdp: ws://localhost:49394/devtoo..., se:cdpVersion: 119.0.6045.106, setWindowRect: true, strictFileInteractability: false, timeouts: {implicit: 0, pageLoad: 300000, script: 30000}, unhandledPromptBehavior: dismiss and notify, webauthn:extension:credBlob: true, webauthn:extension:largeBlob: true, webauthn:extension:minPinLength: true, webauthn:extension:prf: true, webauthn:virtualAuthenticators: true}
Element: [[[[ChromeDriver: chrome on windows (461c51397ef99582d51102fb671f8672)] -> xpath: //nav[@id='packt-navbar']]] -> xpath: // nav[@id='packt-navbar']/div/a]
Session ID: 461c51397ef99582d51102fb671f8672]]>
            </message>
            <full-stacktrace>
              <![CDATA[org.openqa.selenium.StaleElementReferenceException: stale element reference: stale element not found
  (Session info: chrome=119.0.6045.106)
For documentation on this error, please visit: https://www.selenium.dev/documentation/webdriver/troubleshooting/errors#stale-element-reference-exception
Build info: version: '4.15.0', revision: '1d14b5521b'
System info: os.name: 'Windows 10', os.arch: 'amd64', os.version: '10.0', java.version: '17.0.1'
Driver info: org.openqa.selenium.chrome.ChromeDriver
Command: [461c51397ef99582d51102fb671f8672, clickElement {id=664A42C763B7285293A76F6BE926C405_element_174}]
Capabilities {acceptInsecureCerts: false, browserName: chrome, browserVersion: 119.0.6045.106, chrome: {chromedriverVersion: 119.0.6045.105 (38c72552c5e..., userDataDir: C:\Users\SAURABH\AppData\Lo...}, fedcm:accounts: true, goog:chromeOptions: {debuggerAddress: localhost:49394}, networkConnectionEnabled: false, pageLoadStrategy: normal, platformName: windows, proxy: Proxy(), se:cdp: ws://localhost:49394/devtoo..., se:cdpVersion: 119.0.6045.106, setWindowRect: true, strictFileInteractability: false, timeouts: {implicit: 0, pageLoad: 300000, script: 30000}, unhandledPromptBehavior: dismiss and notify, webauthn:extension:credBlob: true, webauthn:extension:largeBlob: true, webauthn:extension:minPinLength: true, webauthn:extension:prf: true, webauthn:virtualAuthenticators: true}
Element: [[[[ChromeDriver: chrome on windows (461c51397ef99582d51102fb671f8672)] -> xpath: //nav[@id='packt-navbar']]] -> xpath: // nav[@id='packt-navbar']/div/a]
Session ID: 461c51397ef99582d51102fb671f8672
at java.base/jdk.internal.reflect.NativeConstructorAccessorImpl.newInstance0(Native Method)
at java.base/jdk.internal.reflect.NativeConstructorAccessorImpl.newInstance(NativeConstructorAccessorImpl.java:77)
at java.base/jdk.internal.reflect.DelegatingConstructorAccessorImpl.newInstance(DelegatingConstructorAccessorImpl.java:45)
at java.base/java.lang.reflect.Constructor.newInstanceWithCaller(Constructor.java:499)
at java.base/java.lang.reflect.Constructor.newInstance(Constructor.java:480)
at org.openqa.selenium.remote.codec.w3c.W3CHttpResponseCodec.createException(W3CHttpResponseCodec.java:200)
at org.openqa.selenium.remote.codec.w3c.W3CHttpResponseCodec.decode(W3CHttpResponseCodec.java:133)
at org.openqa.selenium.remote.codec.w3c.W3CHttpResponseCodec.decode(W3CHttpResponseCodec.java:52)
at org.openqa.selenium.remote.HttpCommandExecutor.execute(HttpCommandExecutor.java:191)
at org.openqa.selenium.remote.service.DriverCommandExecutor.invokeExecute(DriverCommandExecutor.java:200)
at org.openqa.selenium.remote.service.DriverCommandExecutor.execute(DriverCommandExecutor.java:175)
at org.openqa.selenium.remote.RemoteWebDriver.execute(RemoteWebDriver.java:607)
at org.openqa.selenium.remote.RemoteWebElement.execute(RemoteWebElement.java:224)
at org.openqa.selenium.remote.RemoteWebElement.click(RemoteWebElement.java:77)
at Pages.HomePage.VerifyNavBar(HomePage.java:168)
at TestScript.PacktTest.search(PacktTest.java:79)
at java.base/jdk.internal.reflect.NativeMethodAccessorImpl.invoke0(Native Method)
at java.base/jdk.internal.reflect.NativeMethodAccessorImpl.invoke(NativeMethodAccessorImpl.java:77)
at java.base/jdk.internal.reflect.DelegatingMethodAccessorImpl.invoke(DelegatingMethodAccessorImpl.java:43)
at java.base/java.lang.reflect.Method.invoke(Method.java:568)
at org.testng.internal.invokers.MethodInvocationHelper.invokeMethod(MethodInvocationHelper.java:139)
at org.testng.internal.invokers.TestInvoker.invokeMethod(TestInvoker.java:664)
at org.testng.internal.invokers.TestInvoker.invokeTestMethod(TestInvoker.java:227)
at org.testng.internal.invokers.MethodRunner.runInSequence(MethodRunner.java:50)
at org.testng.internal.invokers.TestInvoker$MethodInvocationAgent.invoke(TestInvoker.java:957)
at org.testng.internal.invokers.TestInvoker.invokeTestMethods(TestInvoker.java:200)
at org.testng.internal.invokers.TestMethodWorker.invokeTestMethods(TestMethodWorker.java:148)
at org.testng.internal.invokers.TestMethodWorker.run(TestMethodWorker.java:128)
at java.base/java.util.ArrayList.forEach(ArrayList.java:1511)
at org.testng.TestRunner.privateRun(TestRunner.java:848)
at org.testng.TestRunner.run(TestRunner.java:621)
at org.testng.SuiteRunner.runTest(SuiteRunner.java:443)
at org.testng.SuiteRunner.runSequentially(SuiteRunner.java:437)
at org.testng.SuiteRunner.privateRun(SuiteRunner.java:397)
at org.testng.SuiteRunner.run(SuiteRunner.java:336)
at org.testng.SuiteRunnerWorker.runSuite(SuiteRunnerWorker.java:52)
at org.testng.SuiteRunnerWorker.run(SuiteRunnerWorker.java:95)
at org.testng.TestNG.runSuitesSequentially(TestNG.java:1280)
at org.testng.TestNG.runSuitesLocally(TestNG.java:1200)
at org.testng.TestNG.runSuites(TestNG.java:1114)
at org.testng.TestNG.run(TestNG.java:1082)
at org.testng.remote.AbstractRemoteTestNG.run(AbstractRemoteTestNG.java:115)
at org.testng.remote.RemoteTestNG.initAndRun(RemoteTestNG.java:251)
at org.testng.remote.RemoteTestNG.main(RemoteTestNG.java:77)
]]>
            </full-stacktrace>
          </exception> <!-- org.openqa.selenium.StaleElementReferenceException -->
          <reporter-output>
          </reporter-output>
        </test-method> <!-- search -->
        <test-method is-config="true" signature="CloseBrowser()[pri:0, instance:TestScript.PacktTest@cb0755b]" started-at="2023-11-05T17:11:41 IST" name="CloseBrowser" finished-at="2023-11-05T17:11:41 IST" duration-ms="318" status="PASS">
          <reporter-output>
          </reporter-output>
        </test-method> <!-- CloseBrowser -->
      </class> <!-- TestScript.PacktTest -->
    </test> <!-- Default test -->
  </suite> <!-- Default suite -->
</testng-results>
